# JRE version: OpenJDK Runtime Environment Temurin-21.0.10+7 (21.0.10+7) (build 21.0.10+7-LTS)
# Java VM: OpenJDK 64-Bit Server VM Temurin-21.0.10+7 (21.0.10+7-LTS, mixed mode, sharing, tiered, compressed oops, compressed class ptrs, parallel gc, windows-amd64)
GC Precious Log:
 CardTable entry size: 512
 CPUs: 12 total, 12 available
 Memory: 15716M
 Large Page Support: Disabled
 NUMA Support: Disabled
 Compressed Oops: Enabled (32-bit)
 Alignments: Space 512K, Generation 512K, Heap 2M
 Heap Min Capacity: 100M
 Heap Initial Capacity: 100M
 Heap Max Capacity: 2G
 Pre-touch: Disabled
 Parallel Workers: 10
Heap:
 PSYoungGen      total 18944K, used 17352K [0x00000000d5580000, 0x00000000d6c00000, 0x0000000100000000)
  eden space 15360K, 91% used [0x00000000d5580000,0x00000000d634c930,0x00000000d6480000)
  from space 3584K, 89% used [0x00000000d6880000,0x00000000d6ba5858,0x00000000d6c00000)
  to   space 3584K, 0% used [0x00000000d6500000,0x00000000d6500000,0x00000000d6880000)
 ParOldGen       total 1340416K, used 1339946K [0x0000000080000000, 0x00000000d1d00000, 0x00000000d5580000)
  object space 1340416K, 99% used [0x0000000080000000,0x00000000d1c8a8f0,0x00000000d1d00000)
 Metaspace       used 94827K, committed 96640K, reserved 1179648K
  class space    used 9313K, committed 10112K, reserved 1048576K
GC Heap History (20 events):
Event: 2231.810 GC heap before
{Heap before GC invocations=4896 (full 10):
 PSYoungGen      total 15872K, used 15552K [0x00000000d5580000, 0x00000000d6b00000, 0x0000000100000000)
  eden space 15360K, 100% used [0x00000000d5580000,0x00000000d6480000,0x00000000d6480000)
  from space 512K, 37% used [0x00000000d6a80000,0x00000000d6ab0000,0x00000000d6b00000)
  to   space 512K, 0% used [0x00000000d6a00000,0x00000000d6a00000,0x00000000d6a80000)
 ParOldGen       total 1319936K, used 1319365K [0x0000000080000000, 0x00000000d0900000, 0x00000000d5580000)
  object space 1319936K, 99% used [0x0000000080000000,0x00000000d08714f0,0x00000000d0900000)
 Metaspace       used 94824K, committed 96640K, reserved 1179648K
  class space    used 9313K, committed 10112K, reserved 1048576K
}
Event: 2231.813 GC heap after
{Heap after GC invocations=4896 (full 10):
 PSYoungGen      total 15872K, used 251K [0x00000000d5580000, 0x00000000d6b00000, 0x0000000100000000)
  eden space 15360K, 0% used [0x00000000d5580000,0x00000000d5580000,0x00000000d6480000)
  from space 512K, 49% used [0x00000000d6a00000,0x00000000d6a3efd0,0x00000000d6a80000)
  to   space 512K, 0% used [0x00000000d6a80000,0x00000000d6a80000,0x00000000d6b00000)
 ParOldGen       total 1329152K, used 1328099K [0x0000000080000000, 0x00000000d1200000, 0x00000000d5580000)
  object space 1329152K, 99% used [0x0000000080000000,0x00000000d10f8c80,0x00000000d1200000)
 Metaspace       used 94824K, committed 96640K, reserved 1179648K
  class space    used 9313K, committed 10112K, reserved 1048576K
}
Event: 2231.825 GC heap before
{Heap before GC invocations=4897 (full 10):
 PSYoungGen      total 15872K, used 15611K [0x00000000d5580000, 0x00000000d6b00000, 0x0000000100000000)
  eden space 15360K, 100% used [0x00000000d5580000,0x00000000d6480000,0x00000000d6480000)
  from space 512K, 49% used [0x00000000d6a00000,0x00000000d6a3efd0,0x00000000d6a80000)
  to   space 512K, 0% used [0x00000000d6a80000,0x00000000d6a80000,0x00000000d6b00000)
 ParOldGen       total 1329152K, used 1328099K [0x0000000080000000, 0x00000000d1200000, 0x00000000d5580000)
  object space 1329152K, 99% used [0x0000000080000000,0x00000000d10f8c80,0x00000000d1200000)
 Metaspace       used 94824K, committed 96640K, reserved 1179648K
  class space    used 9313K, committed 10112K, reserved 1048576K
}
Event: 2231.828 GC heap after
{Heap after GC invocations=4897 (full 10):
 PSYoungGen      total 15872K, used 505K [0x00000000d5580000, 0x00000000d6b00000, 0x0000000100000000)
  eden space 15360K, 0% used [0x00000000d5580000,0x00000000d5580000,0x00000000d6480000)
  from space 512K, 98% used [0x00000000d6a80000,0x00000000d6afe7b0,0x00000000d6b00000)
  to   space 2048K, 0% used [0x00000000d6700000,0x00000000d6700000,0x00000000d6900000)
 ParOldGen       total 1329152K, used 1329016K [0x0000000080000000, 0x00000000d1200000, 0x00000000d5580000)
  object space 1329152K, 99% used [0x0000000080000000,0x00000000d11de238,0x00000000d1200000)
 Metaspace       used 94824K, committed 96640K, reserved 1179648K
  class space    used 9313K, committed 10112K, reserved 1048576K
}
Event: 2244.487 GC heap before
{Heap before GC invocations=4898 (full 10):
 PSYoungGen      total 15872K, used 15865K [0x00000000d5580000, 0x00000000d6b00000, 0x0000000100000000)
  eden space 15360K, 100% used [0x00000000d5580000,0x00000000d6480000,0x00000000d6480000)
  from space 512K, 98% used [0x00000000d6a80000,0x00000000d6afe7b0,0x00000000d6b00000)
  to   space 2048K, 0% used [0x00000000d6700000,0x00000000d6700000,0x00000000d6900000)
 ParOldGen       total 1329152K, used 1329016K [0x0000000080000000, 0x00000000d1200000, 0x00000000d5580000)
  object space 1329152K, 99% used [0x0000000080000000,0x00000000d11de238,0x00000000d1200000)
 Metaspace       used 94825K, committed 96640K, reserved 1179648K
  class space    used 9313K, committed 10112K, reserved 1048576K
}
Event: 2244.492 GC heap after
{Heap after GC invocations=4898 (full 10):
 PSYoungGen      total 17408K, used 2033K [0x00000000d5580000, 0x00000000d6b80000, 0x0000000100000000)
  eden space 15360K, 0% used [0x00000000d5580000,0x00000000d5580000,0x00000000d6480000)
  from space 2048K, 99% used [0x00000000d6700000,0x00000000d68fc7c0,0x00000000d6900000)
  to   space 2560K, 0% used [0x00000000d6900000,0x00000000d6900000,0x00000000d6b80000)
 ParOldGen       total 1330176K, used 1329970K [0x0000000080000000, 0x00000000d1300000, 0x00000000d5580000)
  object space 1330176K, 99% used [0x0000000080000000,0x00000000d12cc920,0x00000000d1300000)
 Metaspace       used 94825K, committed 96640K, reserved 1179648K
  class space    used 9313K, committed 10112K, reserved 1048576K
}
Event: 2244.527 GC heap before
{Heap before GC invocations=4899 (full 10):
 PSYoungGen      total 17408K, used 17393K [0x00000000d5580000, 0x00000000d6b80000, 0x0000000100000000)
  eden space 15360K, 100% used [0x00000000d5580000,0x00000000d6480000,0x00000000d6480000)
  from space 2048K, 99% used [0x00000000d6700000,0x00000000d68fc7c0,0x00000000d6900000)
  to   space 2560K, 0% used [0x00000000d6900000,0x00000000d6900000,0x00000000d6b80000)
 ParOldGen       total 1330176K, used 1329970K [0x0000000080000000, 0x00000000d1300000, 0x00000000d5580000)
  object space 1330176K, 99% used [0x0000000080000000,0x00000000d12cc920,0x00000000d1300000)
 Metaspace       used 94825K, committed 96640K, reserved 1179648K
  class space    used 9313K, committed 10112K, reserved 1048576K
}
Event: 2244.531 GC heap after
{Heap after GC invocations=4899 (full 10):
 PSYoungGen      total 17920K, used 2175K [0x00000000d5580000, 0x00000000d6b80000, 0x0000000100000000)
  eden space 15360K, 0% used [0x00000000d5580000,0x00000000d5580000,0x00000000d6480000)
  from space 2560K, 84% used [0x00000000d6900000,0x00000000d6b1feb0,0x00000000d6b80000)
  to   space 2560K, 0% used [0x00000000d6680000,0x00000000d6680000,0x00000000d6900000)
 ParOldGen       total 1332224K, used 1331903K [0x0000000080000000, 0x00000000d1500000, 0x00000000d5580000)
  object space 1332224K, 99% used [0x0000000080000000,0x00000000d14afe48,0x00000000d1500000)
 Metaspace       used 94825K, committed 96640K, reserved 1179648K
  class space    used 9313K, committed 10112K, reserved 1048576K
}
Event: 2244.559 GC heap before
{Heap before GC invocations=4900 (full 10):
 PSYoungGen      total 17920K, used 14726K [0x00000000d5580000, 0x00000000d6b80000, 0x0000000100000000)
  eden space 15360K, 81% used [0x00000000d5580000,0x00000000d61c1c60,0x00000000d6480000)
  from space 2560K, 84% used [0x00000000d6900000,0x00000000d6b1feb0,0x00000000d6b80000)
  to   space 2560K, 0% used [0x00000000d6680000,0x00000000d6680000,0x00000000d6900000)
 ParOldGen       total 1332224K, used 1331903K [0x0000000080000000, 0x00000000d1500000, 0x00000000d5580000)
  object space 1332224K, 99% used [0x0000000080000000,0x00000000d14afe48,0x00000000d1500000)
 Metaspace       used 94826K, committed 96640K, reserved 1179648K
  class space    used 9313K, committed 10112K, reserved 1048576K
}
Event: 2244.563 GC heap after
{Heap after GC invocations=4900 (full 10):
 PSYoungGen      total 17920K, used 2335K [0x00000000d5580000, 0x00000000d6980000, 0x0000000100000000)
  eden space 15360K, 0% used [0x00000000d5580000,0x00000000d5580000,0x00000000d6480000)
  from space 2560K, 91% used [0x00000000d6680000,0x00000000d68c7e00,0x00000000d6900000)
  to   space 512K, 0% used [0x00000000d6900000,0x00000000d6900000,0x00000000d6980000)
 ParOldGen       total 1334272K, used 1333925K [0x0000000080000000, 0x00000000d1700000, 0x00000000d5580000)
  object space 1334272K, 99% used [0x0000000080000000,0x00000000d16a9748,0x00000000d1700000)
 Metaspace       used 94826K, committed 96640K, reserved 1179648K
  class space    used 9313K, committed 10112K, reserved 1048576K
}
Event: 2244.580 GC heap before
{Heap before GC invocations=4901 (full 10):
 PSYoungGen      total 17920K, used 17695K [0x00000000d5580000, 0x00000000d6980000, 0x0000000100000000)
  eden space 15360K, 100% used [0x00000000d5580000,0x00000000d6480000,0x00000000d6480000)
  from space 2560K, 91% used [0x00000000d6680000,0x00000000d68c7e00,0x00000000d6900000)
  to   space 512K, 0% used [0x00000000d6900000,0x00000000d6900000,0x00000000d6980000)
 ParOldGen       total 1334272K, used 1333925K [0x0000000080000000, 0x00000000d1700000, 0x00000000d5580000)
  object space 1334272K, 99% used [0x0000000080000000,0x00000000d16a9748,0x00000000d1700000)
 Metaspace       used 94826K, committed 96640K, reserved 1179648K
  class space    used 9313K, committed 10112K, reserved 1048576K
}
Event: 2244.583 GC heap after
{Heap after GC invocations=4901 (full 10):
 PSYoungGen      total 15872K, used 451K [0x00000000d5580000, 0x00000000d6980000, 0x0000000100000000)
  eden space 15360K, 0% used [0x00000000d5580000,0x00000000d5580000,0x00000000d6480000)
  from space 512K, 88% used [0x00000000d6900000,0x00000000d6970d90,0x00000000d6980000)
  to   space 1536K, 0% used [0x00000000d6680000,0x00000000d6680000,0x00000000d6800000)
 ParOldGen       total 1336320K, used 1336133K [0x0000000080000000, 0x00000000d1900000, 0x00000000d5580000)
  object space 1336320K, 99% used [0x0000000080000000,0x00000000d18d15f8,0x00000000d1900000)
 Metaspace       used 94826K, committed 96640K, reserved 1179648K
  class space    used 9313K, committed 10112K, reserved 1048576K
}
Event: 2244.598 GC heap before
{Heap before GC invocations=4902 (full 10):
 PSYoungGen      total 15872K, used 12342K [0x00000000d5580000, 0x00000000d6980000, 0x0000000100000000)
  eden space 15360K, 77% used [0x00000000d5580000,0x00000000d611cbf0,0x00000000d6480000)
  from space 512K, 88% used [0x00000000d6900000,0x00000000d6970d90,0x00000000d6980000)
  to   space 1536K, 0% used [0x00000000d6680000,0x00000000d6680000,0x00000000d6800000)
 ParOldGen       total 1336320K, used 1336133K [0x0000000080000000, 0x00000000d1900000, 0x00000000d5580000)
  object space 1336320K, 99% used [0x0000000080000000,0x00000000d18d15f8,0x00000000d1900000)
 Metaspace       used 94826K, committed 96640K, reserved 1179648K
  class space    used 9313K, committed 10112K, reserved 1048576K
}
Event: 2244.600 GC heap after
{Heap after GC invocations=4902 (full 10):
 PSYoungGen      total 16896K, used 256K [0x00000000d5580000, 0x00000000d6980000, 0x0000000100000000)
  eden space 15360K, 0% used [0x00000000d5580000,0x00000000d5580000,0x00000000d6480000)
  from space 1536K, 16% used [0x00000000d6680000,0x00000000d66c0000,0x00000000d6800000)
  to   space 512K, 0% used [0x00000000d6900000,0x00000000d6900000,0x00000000d6980000)
 ParOldGen       total 1336320K, used 1336282K [0x0000000080000000, 0x00000000d1900000, 0x00000000d5580000)
  object space 1336320K, 99% used [0x0000000080000000,0x00000000d18f6b68,0x00000000d1900000)
 Metaspace       used 94826K, committed 96640K, reserved 1179648K
  class space    used 9313K, committed 10112K, reserved 1048576K
}
Event: 2244.881 GC heap before
{Heap before GC invocations=4903 (full 10):
 PSYoungGen      total 16896K, used 15569K [0x00000000d5580000, 0x00000000d6980000, 0x0000000100000000)
  eden space 15360K, 99% used [0x00000000d5580000,0x00000000d64747e8,0x00000000d6480000)
  from space 1536K, 16% used [0x00000000d6680000,0x00000000d66c0000,0x00000000d6800000)
  to   space 512K, 0% used [0x00000000d6900000,0x00000000d6900000,0x00000000d6980000)
 ParOldGen       total 1336320K, used 1336282K [0x0000000080000000, 0x00000000d1900000, 0x00000000d5580000)
  object space 1336320K, 99% used [0x0000000080000000,0x00000000d18f6b68,0x00000000d1900000)
 Metaspace       used 94826K, committed 96640K, reserved 1179648K
  class space    used 9313K, committed 10112K, reserved 1048576K
}
Event: 2244.884 GC heap after
{Heap after GC invocations=4903 (full 10):
 PSYoungGen      total 15872K, used 484K [0x00000000d5580000, 0x00000000d6980000, 0x0000000100000000)
  eden space 15360K, 0% used [0x00000000d5580000,0x00000000d5580000,0x00000000d6480000)
  from space 512K, 94% used [0x00000000d6900000,0x00000000d69793e0,0x00000000d6980000)
  to   space 1536K, 0% used [0x00000000d6680000,0x00000000d6680000,0x00000000d6800000)
 ParOldGen       total 1336832K, used 1336779K [0x0000000080000000, 0x00000000d1980000, 0x00000000d5580000)
  object space 1336832K, 99% used [0x0000000080000000,0x00000000d1972d40,0x00000000d1980000)
 Metaspace       used 94826K, committed 96640K, reserved 1179648K
  class space    used 9313K, committed 10112K, reserved 1048576K
}
Event: 2244.913 GC heap before
{Heap before GC invocations=4904 (full 10):
 PSYoungGen      total 15872K, used 15823K [0x00000000d5580000, 0x00000000d6980000, 0x0000000100000000)
  eden space 15360K, 99% used [0x00000000d5580000,0x00000000d647aa28,0x00000000d6480000)
  from space 512K, 94% used [0x00000000d6900000,0x00000000d69793e0,0x00000000d6980000)
  to   space 1536K, 0% used [0x00000000d6680000,0x00000000d6680000,0x00000000d6800000)
 ParOldGen       total 1336832K, used 1336779K [0x0000000080000000, 0x00000000d1980000, 0x00000000d5580000)
  object space 1336832K, 99% used [0x0000000080000000,0x00000000d1972d40,0x00000000d1980000)
 Metaspace       used 94826K, committed 96640K, reserved 1179648K
  class space    used 9313K, committed 10112K, reserved 1048576K
}
Event: 2244.917 GC heap after
{Heap after GC invocations=4904 (full 10):
 PSYoungGen      total 16896K, used 1504K [0x00000000d5580000, 0x00000000d6c80000, 0x0000000100000000)
  eden space 15360K, 0% used [0x00000000d5580000,0x00000000d5580000,0x00000000d6480000)
  from space 1536K, 97% used [0x00000000d6680000,0x00000000d67f82c8,0x00000000d6800000)
  to   space 4096K, 0% used [0x00000000d6880000,0x00000000d6880000,0x00000000d6c80000)
 ParOldGen       total 1338880K, used 1338505K [0x0000000080000000, 0x00000000d1b80000, 0x00000000d5580000)
  object space 1338880K, 99% used [0x0000000080000000,0x00000000d1b226c0,0x00000000d1b80000)
 Metaspace       used 94826K, committed 96640K, reserved 1179648K
  class space    used 9313K, committed 10112K, reserved 1048576K
}
Event: 2244.951 GC heap before
{Heap before GC invocations=4905 (full 10):
 PSYoungGen      total 16896K, used 16864K [0x00000000d5580000, 0x00000000d6c80000, 0x0000000100000000)
  eden space 15360K, 100% used [0x00000000d5580000,0x00000000d6480000,0x00000000d6480000)
  from space 1536K, 97% used [0x00000000d6680000,0x00000000d67f82c8,0x00000000d6800000)
  to   space 4096K, 0% used [0x00000000d6880000,0x00000000d6880000,0x00000000d6c80000)
 ParOldGen       total 1338880K, used 1338505K [0x0000000080000000, 0x00000000d1b80000, 0x00000000d5580000)
  object space 1338880K, 99% used [0x0000000080000000,0x00000000d1b226c0,0x00000000d1b80000)
 Metaspace       used 94826K, committed 96640K, reserved 1179648K
  class space    used 9313K, committed 10112K, reserved 1048576K
}
Event: 2244.956 GC heap after
{Heap after GC invocations=4905 (full 10):
 PSYoungGen      total 18944K, used 3222K [0x00000000d5580000, 0x00000000d6c00000, 0x0000000100000000)
  eden space 15360K, 0% used [0x00000000d5580000,0x00000000d5580000,0x00000000d6480000)
  from space 3584K, 89% used [0x00000000d6880000,0x00000000d6ba5858,0x00000000d6c00000)
  to   space 3584K, 0% used [0x00000000d6500000,0x00000000d6500000,0x00000000d6880000)
 ParOldGen       total 1340416K, used 1339946K [0x0000000080000000, 0x00000000d1d00000, 0x00000000d5580000)
  object space 1340416K, 99% used [0x0000000080000000,0x00000000d1c8a8f0,0x00000000d1d00000)
 Metaspace       used 94826K, committed 96640K, reserved 1179648K
  class space    used 9313K, committed 10112K, reserved 1048576K
}

